# JRE version: Java(TM) SE Runtime Environment (8.0_241-b07) (build 1.8.0_241-b07)
# Java VM: Java HotSpot(TM) 64-Bit Server VM (25.241-b07 mixed mode bsd-amd64 compressed oops)
Heap:
 PSYoungGen      total 76288K, used 35494K [0x000000076ab00000, 0x0000000774000000, 0x00000007c0000000)
  eden space 65536K, 54% used [0x000000076ab00000,0x000000076cda9ae8,0x000000076eb00000)
  from space 10752K, 0% used [0x000000076f580000,0x000000076f580000,0x0000000770000000)
  to   space 10752K, 0% used [0x000000076eb00000,0x000000076eb00000,0x000000076f580000)
 ParOldGen       total 99840K, used 15230K [0x00000006c0000000, 0x00000006c6180000, 0x000000076ab00000)
  object space 99840K, 15% used [0x00000006c0000000,0x00000006c0edfbf0,0x00000006c6180000)
 Metaspace       used 23657K, capacity 24452K, committed 24624K, reserved 1071104K
  class space    used 3057K, capacity 3273K, committed 3376K, reserved 1048576K
GC Heap History (6 events):
Event: 8.022 GC heap before
{Heap before GC invocations=1 (full 0):
 PSYoungGen      total 76288K, used 65536K [0x000000076ab00000, 0x0000000770000000, 0x00000007c0000000)
  eden space 65536K, 100% used [0x000000076ab00000,0x000000076eb00000,0x000000076eb00000)
  from space 10752K, 0% used [0x000000076f580000,0x000000076f580000,0x0000000770000000)
  to   space 10752K, 0% used [0x000000076eb00000,0x000000076eb00000,0x000000076f580000)
 ParOldGen       total 175104K, used 0K [0x00000006c0000000, 0x00000006cab00000, 0x000000076ab00000)
  object space 175104K, 0% used [0x00000006c0000000,0x00000006c0000000,0x00000006cab00000)
 Metaspace       used 16973K, capacity 17692K, committed 17920K, reserved 1064960K
  class space    used 2263K, capacity 2461K, committed 2560K, reserved 1048576K
Event: 8.030 GC heap after
Heap after GC invocations=1 (full 0):
 PSYoungGen      total 76288K, used 10745K [0x000000076ab00000, 0x0000000770000000, 0x00000007c0000000)
  eden space 65536K, 0% used [0x000000076ab00000,0x000000076ab00000,0x000000076eb00000)
  from space 10752K, 99% used [0x000000076eb00000,0x000000076f57e7a8,0x000000076f580000)
  to   space 10752K, 0% used [0x000000076f580000,0x000000076f580000,0x0000000770000000)
 ParOldGen       total 175104K, used 5028K [0x00000006c0000000, 0x00000006cab00000, 0x000000076ab00000)
  object space 175104K, 2% used [0x00000006c0000000,0x00000006c04e9250,0x00000006cab00000)
 Metaspace       used 16973K, capacity 17692K, committed 17920K, reserved 1064960K
  class space    used 2263K, capacity 2461K, committed 2560K, reserved 1048576K
}
Event: 8.240 GC heap before
{Heap before GC invocations=2 (full 0):
 PSYoungGen      total 76288K, used 32182K [0x000000076ab00000, 0x0000000770000000, 0x00000007c0000000)
  eden space 65536K, 32% used [0x000000076ab00000,0x000000076bfef248,0x000000076eb00000)
  from space 10752K, 99% used [0x000000076eb00000,0x000000076f57e7a8,0x000000076f580000)
  to   space 10752K, 0% used [0x000000076f580000,0x000000076f580000,0x0000000770000000)
 ParOldGen       total 175104K, used 5028K [0x00000006c0000000, 0x00000006cab00000, 0x000000076ab00000)
  object space 175104K, 2% used [0x00000006c0000000,0x00000006c04e9250,0x00000006cab00000)
 Metaspace       used 20539K, capacity 21276K, committed 21296K, reserved 1067008K
  class space    used 2645K, capacity 2845K, committed 2864K, reserved 1048576K
Event: 8.246 GC heap after
Heap after GC invocations=2 (full 0):
 PSYoungGen      total 76288K, used 10734K [0x000000076ab00000, 0x0000000774000000, 0x00000007c0000000)
  eden space 65536K, 0% used [0x000000076ab00000,0x000000076ab00000,0x000000076eb00000)
  from space 10752K, 99% used [0x000000076f580000,0x000000076fffbbf8,0x0000000770000000)
  to   space 10752K, 0% used [0x000000076eb00000,0x000000076eb00000,0x000000076f580000)
 ParOldGen       total 175104K, used 5137K [0x00000006c0000000, 0x00000006cab00000, 0x000000076ab00000)
  object space 175104K, 2% used [0x00000006c0000000,0x00000006c0504428,0x00000006cab00000)
 Metaspace       used 20539K, capacity 21276K, committed 21296K, reserved 1067008K
  class space    used 2645K, capacity 2845K, committed 2864K, reserved 1048576K
}
Event: 8.246 GC heap before
{Heap before GC invocations=3 (full 1):
 PSYoungGen      total 76288K, used 10734K [0x000000076ab00000, 0x0000000774000000, 0x00000007c0000000)
  eden space 65536K, 0% used [0x000000076ab00000,0x000000076ab00000,0x000000076eb00000)
  from space 10752K, 99% used [0x000000076f580000,0x000000076fffbbf8,0x0000000770000000)
  to   space 10752K, 0% used [0x000000076eb00000,0x000000076eb00000,0x000000076f580000)
 ParOldGen       total 175104K, used 5137K [0x00000006c0000000, 0x00000006cab00000, 0x000000076ab00000)
  object space 175104K, 2% used [0x00000006c0000000,0x00000006c0504428,0x00000006cab00000)
 Metaspace       used 20539K, capacity 21276K, committed 21296K, reserved 1067008K
  class space    used 2645K, capacity 2845K, committed 2864K, reserved 1048576K
Event: 8.270 GC heap after
Heap after GC invocations=3 (full 1):
 PSYoungGen      total 76288K, used 0K [0x000000076ab00000, 0x0000000774000000, 0x00000007c0000000)
  eden space 65536K, 0% used [0x000000076ab00000,0x000000076ab00000,0x000000076eb00000)
  from space 10752K, 0% used [0x000000076f580000,0x000000076f580000,0x0000000770000000)
  to   space 10752K, 0% used [0x000000076eb00000,0x000000076eb00000,0x000000076f580000)
 ParOldGen       total 99840K, used 15230K [0x00000006c0000000, 0x00000006c6180000, 0x000000076ab00000)
  object space 99840K, 15% used [0x00000006c0000000,0x00000006c0edfbf0,0x00000006c6180000)
 Metaspace       used 20539K, capacity 21276K, committed 21296K, reserved 1067008K
  class space    used 2645K, capacity 2845K, committed 2864K, reserved 1048576K
}

